c:\users\anton\source\repos\abc\consoleapplication2\consoleapplication2\debug\sortcomp.pch
c:\users\anton\source\repos\abc\consoleapplication2\consoleapplication2\debug\vc141.pdb
c:\users\anton\source\repos\abc\consoleapplication2\consoleapplication2\debug\vc141.idb
c:\users\anton\source\repos\abc\consoleapplication2\consoleapplication2\debug\pch.obj
c:\users\anton\source\repos\abc\consoleapplication2\consoleapplication2\debug\arraytask1.obj
c:\users\anton\source\repos\abc\consoleapplication2\consoleapplication2\debug\merge.obj
c:\users\anton\source\repos\abc\consoleapplication2\consoleapplication2\debug\tree.obj
c:\users\anton\source\repos\abc\consoleapplication2\consoleapplication2\debug\extreme.obj
c:\users\anton\source\repos\abc\consoleapplication2\consoleapplication2\debug\bubble.obj
c:\users\anton\source\repos\abc\consoleapplication2\consoleapplication2\debug\common.obj
c:\users\anton\source\repos\abc\consoleapplication2\consoleapplication2\debug\sortcomp.obj
c:\users\anton\source\repos\abc\consoleapplication2\debug\sortcomp.ilk
c:\users\anton\source\repos\abc\consoleapplication2\debug\sortcomp.exe
c:\users\anton\source\repos\abc\consoleapplication2\debug\sortcomp.pdb
c:\users\anton\source\repos\abc\consoleapplication2\consoleapplication2\debug\sortcomp.tlog\cl.command.1.tlog
c:\users\anton\source\repos\abc\consoleapplication2\consoleapplication2\debug\sortcomp.tlog\cl.read.1.tlog
c:\users\anton\source\repos\abc\consoleapplication2\consoleapplication2\debug\sortcomp.tlog\cl.write.1.tlog
c:\users\anton\source\repos\abc\consoleapplication2\consoleapplication2\debug\sortcomp.tlog\link.command.1.tlog
c:\users\anton\source\repos\abc\consoleapplication2\consoleapplication2\debug\sortcomp.tlog\link.read.1.tlog
c:\users\anton\source\repos\abc\consoleapplication2\consoleapplication2\debug\sortcomp.tlog\link.write.1.tlog
