c:\users\anton\source\repos\abc\consoleapplication2\arraytask2\debug\arraytask2.pch
c:\users\anton\source\repos\abc\consoleapplication2\arraytask2\debug\vc141.pdb
c:\users\anton\source\repos\abc\consoleapplication2\arraytask2\debug\vc141.idb
c:\users\anton\source\repos\abc\consoleapplication2\arraytask2\debug\pch.obj
c:\users\anton\source\repos\abc\consoleapplication2\arraytask2\debug\arraytask2.obj
c:\users\anton\source\repos\abc\consoleapplication2\debug\arraytask2.pdb
c:\users\anton\source\repos\abc\consoleapplication2\arraytask2\debug\arraytask2.tlog\cl.command.1.tlog
c:\users\anton\source\repos\abc\consoleapplication2\arraytask2\debug\arraytask2.tlog\cl.read.1.tlog
c:\users\anton\source\repos\abc\consoleapplication2\arraytask2\debug\arraytask2.tlog\cl.write.1.tlog
c:\users\anton\source\repos\abc\consoleapplication2\arraytask2\debug\arraytask2.tlog\link-cvtres.read.1.tlog
c:\users\anton\source\repos\abc\consoleapplication2\arraytask2\debug\arraytask2.tlog\link-cvtres.write.1.tlog
c:\users\anton\source\repos\abc\consoleapplication2\arraytask2\debug\arraytask2.tlog\link-rc.read.1.tlog
c:\users\anton\source\repos\abc\consoleapplication2\arraytask2\debug\arraytask2.tlog\link-rc.write.1.tlog
c:\users\anton\source\repos\abc\consoleapplication2\arraytask2\debug\arraytask2.tlog\link.7900-cvtres.read.1.tlog
c:\users\anton\source\repos\abc\consoleapplication2\arraytask2\debug\arraytask2.tlog\link.7900-cvtres.write.1.tlog
c:\users\anton\source\repos\abc\consoleapplication2\arraytask2\debug\arraytask2.tlog\link.7900-rc.read.1.tlog
c:\users\anton\source\repos\abc\consoleapplication2\arraytask2\debug\arraytask2.tlog\link.7900-rc.write.1.tlog
c:\users\anton\source\repos\abc\consoleapplication2\arraytask2\debug\arraytask2.tlog\link.7900.read.1.tlog
c:\users\anton\source\repos\abc\consoleapplication2\arraytask2\debug\arraytask2.tlog\link.7900.write.1.tlog
c:\users\anton\source\repos\abc\consoleapplication2\arraytask2\debug\arraytask2.tlog\link.command.1.tlog
c:\users\anton\source\repos\abc\consoleapplication2\arraytask2\debug\arraytask2.tlog\link.read.1.tlog
c:\users\anton\source\repos\abc\consoleapplication2\arraytask2\debug\arraytask2.tlog\link.write.1.tlog
